<?xml version="1.0" encoding="UTF-8"?>
<!-- Generated by org.testng.reporters.JUnitReportReporter -->
<testsuite hostname="Akku" failures="0" tests="2" name="sauce.saucedemo" time="25.697" errors="0" timestamp="2024-10-09T16:26:34 IST" skipped="0">
  <testcase classname="sauce.saucedemo" name="VerifyLogin" time="14.875"/>
  <testcase classname="sauce.saucedemo" name="VerifyUrl" time="10.822"/>
</testsuite> <!-- sauce.saucedemo -->
