<?xml version="1.0" encoding="UTF-8"?>
<!-- Generated by org.testng.reporters.JUnitReportReporter -->
<testsuite hostname="Akku" failures="0" tests="5" name="artoftesting.artoftestingselinium" time="69.712" errors="0" timestamp="2024-10-15T23:59:59 IST" skipped="0">
  <testcase classname="artoftesting.artoftestingselinium" name="Drop_down" time="12.386"/>
  <testcase classname="artoftesting.artoftestingselinium" name="link" time="17.000"/>
  <testcase classname="artoftesting.artoftestingselinium" name="check_box" time="15.574"/>
  <testcase classname="artoftesting.artoftestingselinium" name="input_field" time="13.386"/>
  <testcase classname="artoftesting.artoftestingselinium" name="alert_box" time="11.366"/>
</testsuite> <!-- artoftesting.artoftestingselinium -->
