<?xml version="1.0" encoding="UTF-8"?>
<!-- Generated by org.testng.reporters.JUnitReportReporter -->
<testsuite hostname="Akku" failures="0" tests="1" name="parllelexecutionsaucelabs.sauce_lab_add_to_cart" time="17.961" errors="0" timestamp="2024-10-21T23:22:16 IST" skipped="0">
  <testcase classname="parllelexecutionsaucelabs.sauce_lab_add_to_cart" name="add_to_cart" time="17.961"/>
</testsuite> <!-- parllelexecutionsaucelabs.sauce_lab_add_to_cart -->
