<?xml version="1.0" encoding="UTF-8"?>
<!-- Generated by org.testng.reporters.JUnitReportReporter -->
<testsuite hostname="Akku" failures="0" tests="1" name="cetpainquiry.cetparequestcall" time="17.015" errors="0" timestamp="2024-10-16T17:32:37 IST" skipped="0">
  <testcase classname="cetpainquiry.cetparequestcall" name="request_call" time="17.015"/>
</testsuite> <!-- cetpainquiry.cetparequestcall -->
