<?xml version="1.0" encoding="UTF-8"?>
<!-- Generated by org.testng.reporters.JUnitReportReporter -->
<testsuite hostname="Akku" failures="0" tests="1" name="testngsaucedemo.sauceproductpurchase" time="52.514" errors="0" timestamp="2024-10-12T14:25:48 IST" skipped="0">
  <testcase classname="testngsaucedemo.sauceproductpurchase" name="checkout" time="52.514"/>
</testsuite> <!-- testngsaucedemo.sauceproductpurchase -->
