<?xml version="1.0" encoding="UTF-8"?>
<!-- Generated by org.testng.reporters.JUnitReportReporter -->
<testsuite hostname="Akku" failures="0" tests="1" name="cetpainquiry.cetpaenquiryform" time="21.116" errors="0" timestamp="2024-10-16T16:50:46 IST" skipped="0">
  <testcase classname="cetpainquiry.cetpaenquiryform" name="Enquiry" time="21.116"/>
</testsuite> <!-- cetpainquiry.cetpaenquiryform -->
