<?xml version="1.0" encoding="UTF-8"?>
<!-- Generated by org.testng.reporters.JUnitReportReporter -->
<testsuite hostname="Akku" failures="0" tests="2" name="saucecom.saucedemo11" time="27.985" errors="0" timestamp="2024-10-11T13:53:42 IST" skipped="0">
  <testcase classname="saucecom.saucedemo11" name="VerifyLogin" time="17.010"/>
  <testcase classname="saucecom.saucedemo11" name="VerifyUrl" time="10.975"/>
</testsuite> <!-- saucecom.saucedemo11 -->
