<?xml version="1.0" encoding="UTF-8"?>
<!-- Generated by org.testng.reporters.JUnitReportReporter -->
<testsuite hostname="Akku" failures="0" tests="1" name="testngsaucedemo.Sauce_filter" time="20.344" errors="0" timestamp="2024-10-15T16:14:19 IST" skipped="0">
  <testcase classname="testngsaucedemo.Sauce_filter" name="filter" time="20.344"/>
</testsuite> <!-- testngsaucedemo.Sauce_filter -->
