<?xml version="1.0" encoding="UTF-8"?>
<!-- Generated by org.testng.reporters.JUnitReportReporter -->
<testsuite hostname="Akku" failures="0" tests="1" name="cetpainquiry.cetpacorporatetraining" time="16.114" errors="0" timestamp="2024-10-16T17:15:33 IST" skipped="0">
  <testcase classname="cetpainquiry.cetpacorporatetraining" name="traning" time="16.114"/>
</testsuite> <!-- cetpainquiry.cetpacorporatetraining -->
