<?xml version="1.0" encoding="UTF-8"?>
<!-- Generated by org.testng.reporters.JUnitReportReporter -->
<testsuite hostname="Akku" failures="0" tests="1" name="parllelexecutionsaucelabs.saucelabsaddtocart" time="15.970" errors="0" timestamp="2024-10-15T16:34:58 IST" skipped="0">
  <testcase classname="parllelexecutionsaucelabs.saucelabsaddtocart" name="add_to_cart" time="15.970"/>
</testsuite> <!-- parllelexecutionsaucelabs.saucelabsaddtocart -->
