<?xml version="1.0" encoding="UTF-8"?>
<!-- Generated by org.testng.reporters.JUnitReportReporter -->
<testsuite hostname="Akku" failures="0" tests="1" name="com.testcase.login" time="2.585" errors="0" timestamp="2024-10-24T14:27:45 IST" skipped="0">
  <testcase classname="com.testcase.login" name="loginapp" time="2.585"/>
</testsuite> <!-- com.testcase.login -->
